<?xml version="1.0" encoding="UTF-8"?>
<!-- Generated by org.testng.reporters.JUnitReportReporter -->
<testsuite hostname="Srikanth" failures="0" tests="1" name="mavenPractice.pageobjects.ErrorValidations" time="10.649" errors="0" timestamp="2024-03-25T16:19:41 CDT" skipped="0">
  <testcase classname="mavenPractice.pageobjects.ErrorValidations" name="loginErrorValidation" time="10.649"/>
</testsuite> <!-- mavenPractice.pageobjects.ErrorValidations -->
