<?xml version="1.0" encoding="UTF-8"?>
<!-- Generated by org.testng.reporters.JUnitReportReporter -->
<testsuite hostname="Srikanth" failures="0" tests="1" name="cucumber.TestNGTestRunner" time="26.430" errors="0" timestamp="2024-05-08T16:18:29 CDT" skipped="0">
  <testcase classname="cucumber.TestNGTestRunner" name="runScenario" time="26.430"/>
</testsuite> <!-- cucumber.TestNGTestRunner -->
