<?xml version="1.0" encoding="UTF-8"?>
<!-- Generated by org.testng.reporters.JUnitReportReporter -->
<testsuite hostname="Srikanth" failures="0" tests="1" name="TestNGConcepts.Test1" time="0.026" errors="0" timestamp="2023-12-12T16:09:17 CST" skipped="0">
  <testcase classname="TestNGConcepts.Test1" name="print" time="0.026"/>
</testsuite> <!-- TestNGConcepts.Test1 -->
