<?xml version="1.0" encoding="UTF-8"?>
<!-- Generated by org.testng.reporters.JUnitReportReporter -->
<testsuite hostname="Srikanth" failures="0" tests="1" name="TestNGConcepts.module2" time="0.008" errors="0" timestamp="2023-12-13T17:38:15 CST" skipped="0">
  <testcase classname="TestNGConcepts.module2" name="test3" time="0.008"/>
</testsuite> <!-- TestNGConcepts.module2 -->
