<?xml version="1.0" encoding="UTF-8"?>
<!-- Generated by org.testng.reporters.JUnitReportReporter -->
<testsuite hostname="Srikanth" failures="0" tests="1" name="mavenPractice.pageobjects.CopyofStandAlone" time="12.767" errors="0" timestamp="2024-03-22T15:22:16 CDT" skipped="0">
  <testcase classname="mavenPractice.pageobjects.CopyofStandAlone" name="mainTest" time="12.767"/>
</testsuite> <!-- mavenPractice.pageobjects.CopyofStandAlone -->
