<?xml version="1.0" encoding="UTF-8"?>
<!-- Generated by org.testng.reporters.JUnitReportReporter -->
<testsuite hostname="Srikanth" failures="0" tests="2" name="mavenPractice.pageobjects.mainClassTest" time="23.418" errors="0" timestamp="2024-03-22T17:39:37 CDT" skipped="0">
  <testcase classname="mavenPractice.pageobjects.mainClassTest" name="mainTest" time="10.698"/>
  <testcase classname="mavenPractice.pageobjects.mainClassTest" name="OrderHistoryTest" time="12.720"/>
</testsuite> <!-- mavenPractice.pageobjects.mainClassTest -->
