<?xml version="1.0" encoding="UTF-8"?>
<!-- Generated by org.testng.reporters.JUnitReportReporter -->
<testsuite hostname="Srikanth" failures="0" tests="2" name="TestNGConcepts.module1" time="0.064" errors="0" timestamp="2023-12-13T17:40:33 CST" skipped="1">
  <testcase classname="TestNGConcepts.module1" name="test2" time="0.064"/>
  <testcase classname="TestNGConcepts.module1" name="test1">
    <skipped/>
  </testcase> <!-- test1 -->
</testsuite> <!-- TestNGConcepts.module1 -->
