<?xml version="1.0" encoding="UTF-8"?>
<!-- Generated by org.testng.reporters.JUnitReportReporter -->
<testsuite hostname="Srikanth" failures="0" tests="2" name="mavenPractice.tests.ErrorValidations" time="70.721" errors="0" timestamp="2024-05-08T16:31:12 CDT" skipped="0">
  <testcase classname="mavenPractice.tests.ErrorValidations" name="productErrorValidation" time="47.795"/>
  <testcase classname="mavenPractice.tests.ErrorValidations" name="loginErrorValidation" time="22.926"/>
</testsuite> <!-- mavenPractice.tests.ErrorValidations -->
